<?xml version="1.0" encoding="UTF-8"?>
<!-- Generated by org.testng.reporters.JUnitReportReporter -->
<testsuite hostname="DESKTOP-9O461PG" failures="0" tests="5" name="com.tests.TestNG" time="48.473" errors="0" timestamp="2021-03-21T07:58:14 IST" skipped="0">
  <testcase classname="com.tests.TestNG" name="getGoogleSignIn" time="22.218"/>
  <system-out/>
  <testcase classname="com.tests.TestNG" name="getDriver" time="7.770"/>
  <system-out/>
  <testcase classname="com.tests.TestNG" name="getUpcomingBikes" time="8.391"/>
  <system-out/>
  <testcase classname="com.tests.TestNG" name="getPopularUsedCars" time="8.377"/>
  <system-out/>
  <testcase classname="com.tests.TestNG" name="closeApplication" time="1.717"/>
  <system-out/>
</testsuite> <!-- com.tests.TestNG -->
